<?xml version="1.0" encoding="UTF-8"?>
<!-- Generated by org.testng.reporters.JUnitReportReporter -->
<testsuite name="tests.NewTest" tests="2" time="45.659" ignored="0" failures="0" timestamp="17 Jan 2022 03:59:24 GMT" skipped="0" hostname="LAPTOP-GFPBB0D8" errors="0">
  <testcase name="testCreateMO" time="16.176" classname="tests.NewTest"/>
  <testcase name="testCreateOrder" time="29.483" classname="tests.NewTest"/>
</testsuite> <!-- tests.NewTest -->
