<?xml version="1.0" encoding="UTF-8"?>
<!-- Generated by org.testng.reporters.JUnitReportReporter -->
<testsuite name="tests.TestAspire" tests="2" time="41.817" ignored="0" failures="0" timestamp="17 Jan 2022 10:18:45 GMT" skipped="0" hostname="LAPTOP-GFPBB0D8" errors="0">
  <testcase name="testCreateOrder" time="25.137" classname="tests.TestAspire"/>
  <testcase name="testCreateMO" time="16.680" classname="tests.TestAspire"/>
</testsuite> <!-- tests.TestAspire -->
